13:41:20 **** Incremental Build of configuration Nios II for project project ****
make all 
Info: Building ../project_bsp/
C:/intelFPGA_lite/18.1/nios2eds/bin/gnu/H-x86_64-mingw32/bin/make --no-print-directory -C ../project_bsp/
[BSP build complete]
Info: Compiling source.c to obj/default/source.o
nios2-elf-gcc -xc -MP -MMD -c -I../project_bsp//HAL/inc -I../project_bsp/ -I../project_bsp//drivers/inc  -pipe -D__hal__ -DALT_NO_INSTRUCTION_EMULATION -DALT_USE_SMALL_DRIVERS -DSMALL_C_LIB -DALT_SINGLE_THREADED    -O0 -g -Wall   -mno-hw-div -mno-hw-mul -mno-hw-mulx -mgpopt=global  -o obj/default/source.o source.c
Info: Linking project.elf
nios2-elf-g++  -T'../project_bsp//linker.x' -msys-crt0='../project_bsp//obj/HAL/src/crt0.o' -msys-lib=hal_bsp -L../project_bsp/  -msmallc  -Wl,-Map=project.map   -O0 -g -Wall   -mno-hw-div -mno-hw-mul -mno-hw-mulx -mgpopt=global  -o project.elf obj/default/source.o -lm -msys-lib=m
nios2-elf-insert project.elf --thread_model hal --cpu_name nios2_gen2_0 --qsys true --simulation_enabled false --stderr_dev jtag_uart_0 --stdin_dev jtag_uart_0 --stdout_dev jtag_uart_0 --sopc_system_name system --quartus_project_dir "D:/workspace/me/khtn/THSOC/tuanAnh/v0.01" --jdi ../..//output_files/project.jdi --sopcinfo D:/workspace/me/khtn/THSOC/tuanAnh/v0.01/software/project_bsp/../../system.sopcinfo
Info: (project.elf) 8280 Bytes program size (code + initialized data).
Info:               23 KBytes free for stack + heap.
Info: Creating project.objdump
nios2-elf-objdump --disassemble --syms --all-header --source project.elf >project.objdump
[project build complete]
13:41:30 **** Build of configuration Nios II for project project ****
make all 
Info: Building ../project_bsp/
C:/intelFPGA_lite/18.1/nios2eds/bin/gnu/H-x86_64-mingw32/bin/make --no-print-directory -C ../project_bsp/
[BSP build complete]
[project build complete]
13:41:31 **** Incremental Build of configuration Nios II for project project ****
make all 
Info: Building ../project_bsp/
C:/intelFPGA_lite/18.1/nios2eds/bin/gnu/H-x86_64-mingw32/bin/make --no-print-directory -C ../project_bsp/
[BSP build complete]
[project build complete]
13:42:27 **** Build of configuration Nios II for project project ****
make all 
Info: Building ../project_bsp/
C:/intelFPGA_lite/18.1/nios2eds/bin/gnu/H-x86_64-mingw32/bin/make --no-print-directory -C ../project_bsp/
[BSP build complete]
Info: Compiling source.c to obj/default/source.o
nios2-elf-gcc -xc -MP -MMD -c -I../project_bsp//HAL/inc -I../project_bsp/ -I../project_bsp//drivers/inc  -pipe -D__hal__ -DALT_NO_INSTRUCTION_EMULATION -DALT_USE_SMALL_DRIVERS -DSMALL_C_LIB -DALT_SINGLE_THREADED    -O0 -g -Wall   -mno-hw-div -mno-hw-mul -mno-hw-mulx -mgpopt=global  -o obj/default/source.o source.c
Info: Linking project.elf
nios2-elf-g++  -T'../project_bsp//linker.x' -msys-crt0='../project_bsp//obj/HAL/src/crt0.o' -msys-lib=hal_bsp -L../project_bsp/  -msmallc  -Wl,-Map=project.map   -O0 -g -Wall   -mno-hw-div -mno-hw-mul -mno-hw-mulx -mgpopt=global  -o project.elf obj/default/source.o -lm -msys-lib=m
nios2-elf-insert project.elf --thread_model hal --cpu_name nios2_gen2_0 --qsys true --simulation_enabled false --stderr_dev jtag_uart_0 --stdin_dev jtag_uart_0 --stdout_dev jtag_uart_0 --sopc_system_name system --quartus_project_dir "D:/workspace/me/khtn/THSOC/tuanAnh/v0.01" --jdi ../..//output_files/project.jdi --sopcinfo D:/workspace/me/khtn/THSOC/tuanAnh/v0.01/software/project_bsp/../../system.sopcinfo
Info: (project.elf) 8280 Bytes program size (code + initialized data).
Info:               23 KBytes free for stack + heap.
Info: Creating project.objdump
nios2-elf-objdump --disassemble --syms --all-header --source project.elf >project.objdump
[project build complete]
13:42:28 **** Incremental Build of configuration Nios II for project project ****
make all 
Info: Building ../project_bsp/
C:/intelFPGA_lite/18.1/nios2eds/bin/gnu/H-x86_64-mingw32/bin/make --no-print-directory -C ../project_bsp/
[BSP build complete]
[project build complete]
13:48:32 **** Build of configuration Nios II for project project ****
make all 
Info: Building ../project_bsp/
C:/intelFPGA_lite/18.1/nios2eds/bin/gnu/H-x86_64-mingw32/bin/make --no-print-directory -C ../project_bsp/
[BSP build complete]
[project build complete]
13:48:32 **** Incremental Build of configuration Nios II for project project ****
make all 
Info: Building ../project_bsp/
C:/intelFPGA_lite/18.1/nios2eds/bin/gnu/H-x86_64-mingw32/bin/make --no-print-directory -C ../project_bsp/
[BSP build complete]
[project build complete]
13:48:56 **** Incremental Build of configuration Nios II for project project ****
make all 
Info: Building ../project_bsp/
C:/intelFPGA_lite/18.1/nios2eds/bin/gnu/H-x86_64-mingw32/bin/make --no-print-directory -C ../project_bsp/
[BSP build complete]
[project build complete]
13:48:56 **** Incremental Build of configuration Nios II for project project_bsp ****
make all 
[BSP build complete]
13:49:00 **** Build of configuration Nios II for project project ****
make all 
Info: Building ../project_bsp/
C:/intelFPGA_lite/18.1/nios2eds/bin/gnu/H-x86_64-mingw32/bin/make --no-print-directory -C ../project_bsp/
[BSP build complete]
[project build complete]
13:49:01 **** Incremental Build of configuration Nios II for project project ****
make all 
Info: Building ../project_bsp/
C:/intelFPGA_lite/18.1/nios2eds/bin/gnu/H-x86_64-mingw32/bin/make --no-print-directory -C ../project_bsp/
[BSP build complete]
[project build complete]
13:54:04 **** Build of configuration Nios II for project project ****
make all 
Info: Building ../project_bsp/
C:/intelFPGA_lite/18.1/nios2eds/bin/gnu/H-x86_64-mingw32/bin/make --no-print-directory -C ../project_bsp/
[BSP build complete]
[project build complete]
13:54:36 **** Incremental Build of configuration Nios II for project project ****
make all 
Info: Building ../project_bsp/
C:/intelFPGA_lite/18.1/nios2eds/bin/gnu/H-x86_64-mingw32/bin/make --no-print-directory -C ../project_bsp/
[BSP build complete]
[project build complete]
13:55:03 **** Build of configuration Nios II for project project ****
make all 
Info: Building ../project_bsp/
C:/intelFPGA_lite/18.1/nios2eds/bin/gnu/H-x86_64-mingw32/bin/make --no-print-directory -C ../project_bsp/
[BSP build complete]
Info: Compiling source.c to obj/default/source.o
nios2-elf-gcc -xc -MP -MMD -c -I../project_bsp//HAL/inc -I../project_bsp/ -I../project_bsp//drivers/inc  -pipe -D__hal__ -DALT_NO_INSTRUCTION_EMULATION -DALT_USE_SMALL_DRIVERS -DSMALL_C_LIB -DALT_SINGLE_THREADED    -O0 -g -Wall   -mno-hw-div -mno-hw-mul -mno-hw-mulx -mgpopt=global  -o obj/default/source.o source.c
Info: Linking project.elf
nios2-elf-g++  -T'../project_bsp//linker.x' -msys-crt0='../project_bsp//obj/HAL/src/crt0.o' -msys-lib=hal_bsp -L../project_bsp/  -msmallc  -Wl,-Map=project.map   -O0 -g -Wall   -mno-hw-div -mno-hw-mul -mno-hw-mulx -mgpopt=global  -o project.elf obj/default/source.o -lm -msys-lib=m
nios2-elf-insert project.elf --thread_model hal --cpu_name nios2_gen2_0 --qsys true --simulation_enabled false --stderr_dev jtag_uart_0 --stdin_dev jtag_uart_0 --stdout_dev jtag_uart_0 --sopc_system_name system --quartus_project_dir "D:/workspace/me/khtn/THSOC/tuanAnh/v0.01" --jdi ../..//output_files/project.jdi --sopcinfo D:/workspace/me/khtn/THSOC/tuanAnh/v0.01/software/project_bsp/../../system.sopcinfo
Info: (project.elf) 8280 Bytes program size (code + initialized data).
Info:               23 KBytes free for stack + heap.
Info: Creating project.objdump
nios2-elf-objdump --disassemble --syms --all-header --source project.elf >project.objdump
[project build complete]
13:55:04 **** Incremental Build of configuration Nios II for project project ****
make all 
Info: Building ../project_bsp/
C:/intelFPGA_lite/18.1/nios2eds/bin/gnu/H-x86_64-mingw32/bin/make --no-print-directory -C ../project_bsp/
[BSP build complete]
[project build complete]
14:10:36 **** Build of configuration Nios II for project project ****
make all 
Info: Building ../project_bsp/
C:/intelFPGA_lite/18.1/nios2eds/bin/gnu/H-x86_64-mingw32/bin/make --no-print-directory -C ../project_bsp/
[BSP build complete]
[project build complete]
14:10:36 **** Incremental Build of configuration Nios II for project project ****
make all 
Info: Building ../project_bsp/
C:/intelFPGA_lite/18.1/nios2eds/bin/gnu/H-x86_64-mingw32/bin/make --no-print-directory -C ../project_bsp/
[BSP build complete]
[project build complete]
14:10:59 **** Incremental Build of configuration Nios II for project project ****
make all 
Info: Building ../project_bsp/
C:/intelFPGA_lite/18.1/nios2eds/bin/gnu/H-x86_64-mingw32/bin/make --no-print-directory -C ../project_bsp/
[BSP build complete]
Info: Compiling source.c to obj/default/source.o
nios2-elf-gcc -xc -MP -MMD -c -I../project_bsp//HAL/inc -I../project_bsp/ -I../project_bsp//drivers/inc  -pipe -D__hal__ -DALT_NO_INSTRUCTION_EMULATION -DALT_USE_SMALL_DRIVERS -DSMALL_C_LIB -DALT_SINGLE_THREADED    -O0 -g -Wall   -mno-hw-div -mno-hw-mul -mno-hw-mulx -mgpopt=global  -o obj/default/source.o source.c
Info: Linking project.elf
nios2-elf-g++  -T'../project_bsp//linker.x' -msys-crt0='../project_bsp//obj/HAL/src/crt0.o' -msys-lib=hal_bsp -L../project_bsp/  -msmallc  -Wl,-Map=project.map   -O0 -g -Wall   -mno-hw-div -mno-hw-mul -mno-hw-mulx -mgpopt=global  -o project.elf obj/default/source.o -lm -msys-lib=m
nios2-elf-insert project.elf --thread_model hal --cpu_name nios2_gen2_0 --qsys true --simulation_enabled false --stderr_dev jtag_uart_0 --stdin_dev jtag_uart_0 --stdout_dev jtag_uart_0 --sopc_system_name system --quartus_project_dir "D:/workspace/me/khtn/THSOC/tuanAnh/v0.01" --jdi ../..//output_files/project.jdi --sopcinfo D:/workspace/me/khtn/THSOC/tuanAnh/v0.01/software/project_bsp/../../system.sopcinfo
Info: (project.elf) 8280 Bytes program size (code + initialized data).
Info:               23 KBytes free for stack + heap.
Info: Creating project.objdump
nios2-elf-objdump --disassemble --syms --all-header --source project.elf >project.objdump
[project build complete]
14:11:00 **** Incremental Build of configuration Nios II for project project_bsp ****
make all 
[BSP build complete]
14:11:07 **** Build of configuration Nios II for project project ****
make all 
Info: Building ../project_bsp/
C:/intelFPGA_lite/18.1/nios2eds/bin/gnu/H-x86_64-mingw32/bin/make --no-print-directory -C ../project_bsp/
[BSP build complete]
[project build complete]
14:11:08 **** Incremental Build of configuration Nios II for project project ****
make all 
Info: Building ../project_bsp/
C:/intelFPGA_lite/18.1/nios2eds/bin/gnu/H-x86_64-mingw32/bin/make --no-print-directory -C ../project_bsp/
[BSP build complete]
[project build complete]
14:11:22 **** Build of configuration Nios II for project project ****
make all 
Info: Building ../project_bsp/
C:/intelFPGA_lite/18.1/nios2eds/bin/gnu/H-x86_64-mingw32/bin/make --no-print-directory -C ../project_bsp/
[BSP build complete]
Info: Compiling source.c to obj/default/source.o
nios2-elf-gcc -xc -MP -MMD -c -I../project_bsp//HAL/inc -I../project_bsp/ -I../project_bsp//drivers/inc  -pipe -D__hal__ -DALT_NO_INSTRUCTION_EMULATION -DALT_USE_SMALL_DRIVERS -DSMALL_C_LIB -DALT_SINGLE_THREADED    -O0 -g -Wall   -mno-hw-div -mno-hw-mul -mno-hw-mulx -mgpopt=global  -o obj/default/source.o source.c
Info: Linking project.elf
nios2-elf-g++  -T'../project_bsp//linker.x' -msys-crt0='../project_bsp//obj/HAL/src/crt0.o' -msys-lib=hal_bsp -L../project_bsp/  -msmallc  -Wl,-Map=project.map   -O0 -g -Wall   -mno-hw-div -mno-hw-mul -mno-hw-mulx -mgpopt=global  -o project.elf obj/default/source.o -lm -msys-lib=m
nios2-elf-insert project.elf --thread_model hal --cpu_name nios2_gen2_0 --qsys true --simulation_enabled false --stderr_dev jtag_uart_0 --stdin_dev jtag_uart_0 --stdout_dev jtag_uart_0 --sopc_system_name system --quartus_project_dir "D:/workspace/me/khtn/THSOC/tuanAnh/v0.01" --jdi ../..//output_files/project.jdi --sopcinfo D:/workspace/me/khtn/THSOC/tuanAnh/v0.01/software/project_bsp/../../system.sopcinfo
Info: (project.elf) 8280 Bytes program size (code + initialized data).
Info:               23 KBytes free for stack + heap.
Info: Creating project.objdump
nios2-elf-objdump --disassemble --syms --all-header --source project.elf >project.objdump
[project build complete]
14:11:23 **** Incremental Build of configuration Nios II for project project ****
make all 
Info: Building ../project_bsp/
C:/intelFPGA_lite/18.1/nios2eds/bin/gnu/H-x86_64-mingw32/bin/make --no-print-directory -C ../project_bsp/
[BSP build complete]
[project build complete]
14:14:20 **** Build of configuration Nios II for project project ****
make all 
Info: Building ../project_bsp/
C:/intelFPGA_lite/18.1/nios2eds/bin/gnu/H-x86_64-mingw32/bin/make --no-print-directory -C ../project_bsp/
[BSP build complete]
Info: Compiling source.c to obj/default/source.o
nios2-elf-gcc -xc -MP -MMD -c -I../project_bsp//HAL/inc -I../project_bsp/ -I../project_bsp//drivers/inc  -pipe -D__hal__ -DALT_NO_INSTRUCTION_EMULATION -DALT_USE_SMALL_DRIVERS -DSMALL_C_LIB -DALT_SINGLE_THREADED    -O0 -g -Wall   -mno-hw-div -mno-hw-mul -mno-hw-mulx -mgpopt=global  -o obj/default/source.o source.c
Info: Linking project.elf
nios2-elf-g++  -T'../project_bsp//linker.x' -msys-crt0='../project_bsp//obj/HAL/src/crt0.o' -msys-lib=hal_bsp -L../project_bsp/  -msmallc  -Wl,-Map=project.map   -O0 -g -Wall   -mno-hw-div -mno-hw-mul -mno-hw-mulx -mgpopt=global  -o project.elf obj/default/source.o -lm -msys-lib=m
nios2-elf-insert project.elf --thread_model hal --cpu_name nios2_gen2_0 --qsys true --simulation_enabled false --stderr_dev jtag_uart_0 --stdin_dev jtag_uart_0 --stdout_dev jtag_uart_0 --sopc_system_name system --quartus_project_dir "D:/workspace/me/khtn/THSOC/tuanAnh/v0.01" --jdi ../..//output_files/project.jdi --sopcinfo D:/workspace/me/khtn/THSOC/tuanAnh/v0.01/software/project_bsp/../../system.sopcinfo
Info: (project.elf) 8264 Bytes program size (code + initialized data).
Info:               23 KBytes free for stack + heap.
Info: Creating project.objdump
nios2-elf-objdump --disassemble --syms --all-header --source project.elf >project.objdump
[project build complete]
14:14:21 **** Incremental Build of configuration Nios II for project project ****
make all 
Info: Building ../project_bsp/
C:/intelFPGA_lite/18.1/nios2eds/bin/gnu/H-x86_64-mingw32/bin/make --no-print-directory -C ../project_bsp/
[BSP build complete]
[project build complete]
